2024-10-09 15:09:58,378 - root - INFO - Model initialized.
2024-10-09 15:09:58,738 - root - INFO - LSTM training is initialized.
2024-10-09 15:10:01,104 - root - INFO - Epoch [1/50], Train Loss: 0.9058 Validation Loss: 0.0845
2024-10-09 15:10:01,104 - root - INFO - Validation loss improved to 0.0845.
2024-10-09 15:10:03,285 - root - INFO - Epoch [2/50], Train Loss: 0.8745 Validation Loss: 0.0623
2024-10-09 15:10:03,285 - root - INFO - Validation loss improved to 0.0623.
2024-10-09 15:10:05,400 - root - INFO - Epoch [3/50], Train Loss: 0.7672 Validation Loss: 0.0456
2024-10-09 15:10:05,400 - root - INFO - Validation loss improved to 0.0456.
2024-10-09 15:10:07,874 - root - INFO - Epoch [4/50], Train Loss: 0.5438 Validation Loss: 0.0448
2024-10-09 15:10:07,874 - root - INFO - Validation loss improved to 0.0448.
2024-10-09 15:10:10,027 - root - INFO - Epoch [5/50], Train Loss: 0.5129 Validation Loss: 0.0441
2024-10-09 15:10:10,027 - root - INFO - Validation loss improved to 0.0441.
2024-10-09 15:10:12,366 - root - INFO - Epoch [6/50], Train Loss: 0.5151 Validation Loss: 0.0443
2024-10-09 15:10:12,366 - root - INFO - No improvement in validation loss for 1 epoch(s).
2024-10-09 15:10:14,483 - root - INFO - Epoch [7/50], Train Loss: 0.4990 Validation Loss: 0.0454
2024-10-09 15:10:14,483 - root - INFO - No improvement in validation loss for 2 epoch(s).
2024-10-09 15:10:16,602 - root - INFO - Epoch [8/50], Train Loss: 0.5201 Validation Loss: 0.0479
2024-10-09 15:10:16,602 - root - INFO - No improvement in validation loss for 3 epoch(s).
2024-10-09 15:10:18,720 - root - INFO - Epoch [9/50], Train Loss: 0.5008 Validation Loss: 0.0494
2024-10-09 15:10:18,721 - root - INFO - No improvement in validation loss for 4 epoch(s).
2024-10-09 15:10:20,844 - root - INFO - Epoch [10/50], Train Loss: 0.5010 Validation Loss: 0.0494
2024-10-09 15:10:20,845 - root - INFO - No improvement in validation loss for 5 epoch(s).
2024-10-09 15:10:20,845 - root - INFO - Early stopping triggered after 5 epochs without improvement.
2024-10-09 15:10:20,846 - root - INFO - Evaluation procedure initialized.
2024-10-09 15:10:20,912 - root - INFO - Evaluation procedure performed successfully.
2024-10-09 15:10:20,912 - root - INFO - Mean Squared Error (MSE): 0.0613
2024-10-09 15:10:20,913 - root - INFO - Root Mean Square Error (RMSE): 0.2475
2024-10-09 15:10:20,913 - root - INFO - R2 score: -1.2402
2024-10-09 15:10:41,735 - root - INFO - Model initialized.
2024-10-09 15:10:42,117 - root - INFO - LSTM training is initialized.
2024-10-09 15:10:43,367 - root - INFO - Epoch [1/50], Train Loss: 0.9103 Validation Loss: 2.1777
2024-10-09 15:10:43,367 - root - INFO - Validation loss improved to 2.1777.
2024-10-09 15:10:44,556 - root - INFO - Epoch [2/50], Train Loss: 0.8764 Validation Loss: 1.7571
2024-10-09 15:10:44,556 - root - INFO - Validation loss improved to 1.7571.
2024-10-09 15:10:45,974 - root - INFO - Epoch [3/50], Train Loss: 0.7550 Validation Loss: 0.6517
2024-10-09 15:10:45,974 - root - INFO - Validation loss improved to 0.6517.
2024-10-09 15:10:47,092 - root - INFO - Epoch [4/50], Train Loss: 0.5495 Validation Loss: 0.2651
2024-10-09 15:10:47,092 - root - INFO - Validation loss improved to 0.2651.
2024-10-09 15:10:48,235 - root - INFO - Epoch [5/50], Train Loss: 0.5216 Validation Loss: 0.2406
2024-10-09 15:10:48,235 - root - INFO - Validation loss improved to 0.2406.
2024-10-09 15:10:49,389 - root - INFO - Epoch [6/50], Train Loss: 0.5114 Validation Loss: 0.1870
2024-10-09 15:10:49,389 - root - INFO - Validation loss improved to 0.1870.
2024-10-09 15:10:50,595 - root - INFO - Epoch [7/50], Train Loss: 0.5069 Validation Loss: 0.1633
2024-10-09 15:10:50,595 - root - INFO - Validation loss improved to 0.1633.
2024-10-09 15:10:52,023 - root - INFO - Epoch [8/50], Train Loss: 0.5122 Validation Loss: 0.3637
2024-10-09 15:10:52,023 - root - INFO - No improvement in validation loss for 1 epoch(s).
2024-10-09 15:10:53,151 - root - INFO - Epoch [9/50], Train Loss: 0.5064 Validation Loss: 0.1468
2024-10-09 15:10:53,151 - root - INFO - Validation loss improved to 0.1468.
2024-10-09 15:10:54,259 - root - INFO - Epoch [10/50], Train Loss: 0.5023 Validation Loss: 0.1518
2024-10-09 15:10:54,259 - root - INFO - No improvement in validation loss for 1 epoch(s).
2024-10-09 15:10:55,377 - root - INFO - Epoch [11/50], Train Loss: 0.4961 Validation Loss: 0.2238
2024-10-09 15:10:55,377 - root - INFO - No improvement in validation loss for 2 epoch(s).
2024-10-09 15:10:56,476 - root - INFO - Epoch [12/50], Train Loss: 0.5129 Validation Loss: 0.1375
2024-10-09 15:10:56,476 - root - INFO - Validation loss improved to 0.1375.
2024-10-09 15:10:57,565 - root - INFO - Epoch [13/50], Train Loss: 0.4982 Validation Loss: 0.1310
2024-10-09 15:10:57,566 - root - INFO - Validation loss improved to 0.1310.
2024-10-09 15:10:58,664 - root - INFO - Epoch [14/50], Train Loss: 0.4944 Validation Loss: 0.1465
2024-10-09 15:10:58,664 - root - INFO - No improvement in validation loss for 1 epoch(s).
2024-10-09 15:10:59,777 - root - INFO - Epoch [15/50], Train Loss: 0.4940 Validation Loss: 0.1293
2024-10-09 15:10:59,777 - root - INFO - Validation loss improved to 0.1293.
2024-10-09 15:11:00,884 - root - INFO - Epoch [16/50], Train Loss: 0.4939 Validation Loss: 0.1366
2024-10-09 15:11:00,884 - root - INFO - No improvement in validation loss for 1 epoch(s).
2024-10-09 15:11:01,977 - root - INFO - Epoch [17/50], Train Loss: 0.4908 Validation Loss: 0.1210
2024-10-09 15:11:01,977 - root - INFO - Validation loss improved to 0.1210.
2024-10-09 15:11:03,076 - root - INFO - Epoch [18/50], Train Loss: 0.4872 Validation Loss: 0.1321
2024-10-09 15:11:03,076 - root - INFO - No improvement in validation loss for 1 epoch(s).
2024-10-09 15:11:04,173 - root - INFO - Epoch [19/50], Train Loss: 0.4859 Validation Loss: 0.1271
2024-10-09 15:11:04,173 - root - INFO - No improvement in validation loss for 2 epoch(s).
2024-10-09 15:11:05,307 - root - INFO - Epoch [20/50], Train Loss: 0.4827 Validation Loss: 0.1223
2024-10-09 15:11:05,307 - root - INFO - No improvement in validation loss for 3 epoch(s).
2024-10-09 15:11:06,449 - root - INFO - Epoch [21/50], Train Loss: 0.4920 Validation Loss: 0.1176
2024-10-09 15:11:06,449 - root - INFO - Validation loss improved to 0.1176.
2024-10-09 15:11:08,012 - root - INFO - Epoch [22/50], Train Loss: 0.4934 Validation Loss: 0.1157
2024-10-09 15:11:08,012 - root - INFO - Validation loss improved to 0.1157.
2024-10-09 15:11:09,158 - root - INFO - Epoch [23/50], Train Loss: 0.4796 Validation Loss: 0.1098
2024-10-09 15:11:09,158 - root - INFO - Validation loss improved to 0.1098.
2024-10-09 15:11:10,246 - root - INFO - Epoch [24/50], Train Loss: 0.4783 Validation Loss: 0.1046
2024-10-09 15:11:10,246 - root - INFO - Validation loss improved to 0.1046.
2024-10-09 15:11:11,345 - root - INFO - Epoch [25/50], Train Loss: 0.4689 Validation Loss: 0.0984
2024-10-09 15:11:11,345 - root - INFO - Validation loss improved to 0.0984.
2024-10-09 15:11:12,457 - root - INFO - Epoch [26/50], Train Loss: 0.4789 Validation Loss: 0.1019
2024-10-09 15:11:12,457 - root - INFO - No improvement in validation loss for 1 epoch(s).
2024-10-09 15:11:13,529 - root - INFO - Epoch [27/50], Train Loss: 0.4837 Validation Loss: 0.0856
2024-10-09 15:11:13,530 - root - INFO - Validation loss improved to 0.0856.
2024-10-09 15:11:14,673 - root - INFO - Epoch [28/50], Train Loss: 0.4710 Validation Loss: 0.0919
2024-10-09 15:11:14,673 - root - INFO - No improvement in validation loss for 1 epoch(s).
2024-10-09 15:11:15,747 - root - INFO - Epoch [29/50], Train Loss: 0.4634 Validation Loss: 0.0978
2024-10-09 15:11:15,747 - root - INFO - No improvement in validation loss for 2 epoch(s).
2024-10-09 15:11:16,828 - root - INFO - Epoch [30/50], Train Loss: 0.4663 Validation Loss: 0.0988
2024-10-09 15:11:16,828 - root - INFO - No improvement in validation loss for 3 epoch(s).
2024-10-09 15:11:17,908 - root - INFO - Epoch [31/50], Train Loss: 0.4631 Validation Loss: 0.0918
2024-10-09 15:11:17,908 - root - INFO - No improvement in validation loss for 4 epoch(s).
2024-10-09 15:11:19,076 - root - INFO - Epoch [32/50], Train Loss: 0.4654 Validation Loss: 0.0856
2024-10-09 15:11:19,077 - root - INFO - No improvement in validation loss for 5 epoch(s).
2024-10-09 15:11:19,077 - root - INFO - Early stopping triggered after 5 epochs without improvement.
2024-10-09 15:11:19,077 - root - INFO - Evaluation procedure initialized.
2024-10-09 15:11:19,117 - root - INFO - Evaluation procedure performed successfully.
2024-10-09 15:11:19,118 - root - INFO - Mean Squared Error (MSE): 0.0896
2024-10-09 15:11:19,118 - root - INFO - Root Mean Square Error (RMSE): 0.2993
2024-10-09 15:11:19,118 - root - INFO - R2 score: 0.9594
